2018-11-09 15:11:16,738 [main] INFO  org.mule.module.launcher.application.DefaultMuleApplication - 
++++++++++++++++++++++++++++++++++++++++++++++++++++++++++++
+ Initializing app 'apdev-examples'                        +
++++++++++++++++++++++++++++++++++++++++++++++++++++++++++++
2018-11-09 15:11:17,012 [main] INFO  org.mule.lifecycle.AbstractLifecycleManager - Initialising RegistryBroker
2018-11-09 15:11:17,162 [main] INFO  org.mule.module.extension.internal.manager.DefaultExtensionManager - Starting discovery of extensions
2018-11-09 15:11:17,329 [main] INFO  org.mule.module.extension.internal.manager.DefaultExtensionManager - Discovered 1 extensions
2018-11-09 15:11:17,329 [main] INFO  org.mule.module.extension.internal.manager.DefaultExtensionManager - Registering extension validation (version 3.9)
2018-11-09 15:11:17,646 [main] INFO  org.mule.config.spring.MuleArtifactContext - Refreshing org.mule.config.spring.MuleArtifactContext@7555b920: startup date [Fri Nov 09 15:11:17 IST 2018]; root of context hierarchy
2018-11-09 15:11:19,514 [main] INFO  org.mule.config.spring.processors.NoDevkitInjectorProcessor - JSR-330 'javax.inject.Inject' annotation found and supported for autowiring
2018-11-09 15:11:20,751 [main] WARN  org.mule.module.ognl.expression.OgnlExpressionEvaluator - OGNL module is deprecated and will be removed in Mule 4.0. Use MEL expressions instead.
2018-11-09 15:11:21,143 [main] INFO  org.mule.util.journal.TransactionJournal - Using files for tx logs C:\Users\saigandh\Documents\AnypointStudio\workspace1\.mule\.\.mule\apdev-examples\queue-tx-log\tx1.log and C:\Users\saigandh\Documents\AnypointStudio\workspace1\.mule\.\.mule\apdev-examples\queue-tx-log\tx2.log
2018-11-09 15:11:21,147 [main] INFO  org.mule.util.journal.TransactionJournal - Using files for tx logs C:\Users\saigandh\Documents\AnypointStudio\workspace1\.mule\.\.mule\apdev-examples\queue-xa-tx-log\tx1.log and C:\Users\saigandh\Documents\AnypointStudio\workspace1\.mule\.\.mule\apdev-examples\queue-xa-tx-log\tx2.log
2018-11-09 15:11:21,282 [main] INFO  org.mule.lifecycle.AbstractLifecycleManager - Initialising model: _muleSystemModel
2018-11-09 15:11:21,282 [main] INFO  org.mule.construct.FlowConstructLifecycleManager - Initialising flow: apdev-examplesFlow
2018-11-09 15:11:21,282 [main] INFO  org.mule.exception.DefaultMessagingExceptionStrategy - Initialising exception listener: org.mule.exception.DefaultMessagingExceptionStrategy@58b5a2f3
2018-11-09 15:11:21,329 [main] INFO  org.mule.processor.SedaStageLifecycleManager - Initialising service: apdev-examplesFlow.stage1
2018-11-09 15:11:21,921 [main] INFO  org.mule.config.spring.SpringXmlConfigurationBuilder - Configured Mule using "org.mule.config.spring.SpringXmlConfigurationBuilder" with configuration resource(s): "[ConfigResource{resourceName='C:\Users\saigandh\Documents\AnypointStudio\workspace1\.mule\apps\apdev-examples\apdev-examples.xml'}]"
2018-11-09 15:11:21,921 [main] INFO  org.mule.config.builders.AutoConfigurationBuilder - Configured Mule using "org.mule.config.builders.AutoConfigurationBuilder" with configuration resource(s): "[ConfigResource{resourceName='C:\Users\saigandh\Documents\AnypointStudio\workspace1\.mule\apps\apdev-examples\apdev-examples.xml'}]"
2018-11-09 15:11:21,927 [main] INFO  com.mulesoft.module.policies.lifecyle.GateKeeper - GateKeeper Mode: DISABLED
2018-11-09 15:11:21,928 [main] INFO  org.mule.module.launcher.application.DefaultMuleApplication - 
++++++++++++++++++++++++++++++++++++++++++++++++++++++++++++
+ Starting app 'apdev-examples'                            +
++++++++++++++++++++++++++++++++++++++++++++++++++++++++++++
2018-11-09 15:11:21,931 [main] INFO  org.mule.util.queue.QueueXaResourceManager - Starting ResourceManager
2018-11-09 15:11:21,931 [main] INFO  org.mule.util.queue.QueueXaResourceManager - Started ResourceManager
2018-11-09 15:11:22,002 [main] INFO  org.mule.module.http.internal.listener.DefaultHttpListenerConfig - Listening for requests on http://0.0.0.0:8081
2018-11-09 15:11:22,018 [main] INFO  org.mule.modules.oauth2.provider.agents.DefaultSplashScreenAgent - 
++++++++++++++++++++++++++++++++++++++++++++++++++++++++++++++++++++++++++++++++
+ DevKit Extensions (0) used in this application 
                             +
++++++++++++++++++++++++++++++++++++++++++++++++++++++++++++++++++++++++++++++++
2018-11-09 15:11:22,018 [main] INFO  org.mule.lifecycle.AbstractLifecycleManager - Starting model: _muleSystemModel
2018-11-09 15:11:22,018 [main] INFO  org.mule.construct.FlowConstructLifecycleManager - Starting flow: apdev-examplesFlow
2018-11-09 15:11:22,018 [main] INFO  org.mule.processor.SedaStageLifecycleManager - Starting service: apdev-examplesFlow.stage1
2018-11-09 15:11:22,065 [main] INFO  org.mule.module.management.agent.WrapperManagerAgent - This JVM hasn't been launched by the wrapper, the agent will not run.
2018-11-09 15:11:22,096 [main] INFO  org.mule.DefaultMuleContext - 
**********************************************************************
* Application: apdev-examples                                        *
* OS encoding: \, Mule encoding: UTF-8                               *
*                                                                    *
* Agents Running:                                                    *
*   Batch module default engine                                      *
*   DevKit Extension Information                                     *
*   JMX Agent                                                        *
*   Wrapper Manager                                                  *
**********************************************************************
2018-11-09 15:11:50,830 [[apdev-examples].HTTP_Listener_Configuration.worker.01] INFO  org.mule.module.http.internal.listener.HttpListenerRegistry - No listener found for request: (GET)/
2018-11-09 15:11:50,830 [[apdev-examples].HTTP_Listener_Configuration.worker.01] INFO  org.mule.module.http.internal.listener.HttpListenerRegistry - Available listeners are: [([get])/hello/]
2018-11-09 15:12:01,192 [[apdev-examples].HTTP_Listener_Configuration.worker.02] INFO  org.mule.api.processor.LoggerMessageProcessor - 
org.mule.DefaultMuleMessage
{
  id=b539f7b0-e403-11e8-88eb-506b8de1b444
  payload=java.lang.String
  correlationId=<not set>
  correlationGroup=-1
  correlationSeq=-1
  encoding=UTF-8
  exceptionPayload=<not set>

Message properties:
  INVOCATION scoped properties:
  INBOUND scoped properties:
    accept=*/*
    accept-encoding=gzip, deflate, br
    accept-language=en-US,en;q=0.9
    cache-control=no-cache
    connection=keep-alive
    host=localhost:8081
    http.listener.path=/hello
    http.method=GET
    http.query.params=ParameterMap{[]}
    http.query.string=
    http.relative.path=/hello
    http.remote.address=/127.0.0.1:65095
    http.request.path=/hello
    http.request.uri=/hello
    http.scheme=http
    http.uri.params=ParameterMap{[]}
    http.version=HTTP/1.1
    postman-token=33570db6-6c57-cf16-1059-71f6b69e8a16
    user-agent=Mozilla/5.0 (Windows NT 10.0; Win64; x64) AppleWebKit/537.36 (KHTML, like Gecko) Chrome/70.0.3538.67 Safari/537.36
  OUTBOUND scoped properties:
    Naina=Siri
  SESSION scoped properties:
}
2018-11-09 16:58:57,394 [main] INFO  org.mule.module.launcher.application.DefaultMuleApplication - 
++++++++++++++++++++++++++++++++++++++++++++++++++++++++++++
+ Initializing app 'apdev-examples'                        +
++++++++++++++++++++++++++++++++++++++++++++++++++++++++++++
2018-11-09 16:58:57,783 [main] INFO  org.mule.lifecycle.AbstractLifecycleManager - Initialising RegistryBroker
2018-11-09 16:58:58,265 [main] INFO  org.mule.module.extension.internal.manager.DefaultExtensionManager - Starting discovery of extensions
2018-11-09 16:58:58,721 [main] INFO  org.mule.module.extension.internal.manager.DefaultExtensionManager - Discovered 1 extensions
2018-11-09 16:58:58,721 [main] INFO  org.mule.module.extension.internal.manager.DefaultExtensionManager - Registering extension validation (version 3.9)
2018-11-09 16:58:58,815 [main] INFO  org.mule.config.spring.MuleArtifactContext - Refreshing org.mule.config.spring.MuleArtifactContext@4beeb0e: startup date [Fri Nov 09 16:58:58 IST 2018]; root of context hierarchy
2018-11-09 16:59:00,704 [main] INFO  org.mule.config.spring.processors.NoDevkitInjectorProcessor - JSR-330 'javax.inject.Inject' annotation found and supported for autowiring
2018-11-09 16:59:02,302 [main] WARN  org.mule.module.ognl.expression.OgnlExpressionEvaluator - OGNL module is deprecated and will be removed in Mule 4.0. Use MEL expressions instead.
2018-11-09 16:59:02,740 [main] INFO  org.mule.util.journal.TransactionJournal - Using files for tx logs C:\Users\saigandh\Documents\AnypointStudio\workspace1\.mule\.\.mule\apdev-examples\queue-tx-log\tx1.log and C:\Users\saigandh\Documents\AnypointStudio\workspace1\.mule\.\.mule\apdev-examples\queue-tx-log\tx2.log
2018-11-09 16:59:02,758 [main] INFO  org.mule.util.journal.TransactionJournal - Using files for tx logs C:\Users\saigandh\Documents\AnypointStudio\workspace1\.mule\.\.mule\apdev-examples\queue-xa-tx-log\tx1.log and C:\Users\saigandh\Documents\AnypointStudio\workspace1\.mule\.\.mule\apdev-examples\queue-xa-tx-log\tx2.log
2018-11-09 16:59:02,902 [main] INFO  org.mule.lifecycle.AbstractLifecycleManager - Initialising model: _muleSystemModel
2018-11-09 16:59:02,918 [main] INFO  org.mule.construct.FlowConstructLifecycleManager - Initialising flow: apdev-examplesFlow
2018-11-09 16:59:02,918 [main] INFO  org.mule.exception.DefaultMessagingExceptionStrategy - Initialising exception listener: org.mule.exception.DefaultMessagingExceptionStrategy@70b33256
2018-11-09 16:59:02,969 [main] INFO  org.mule.processor.SedaStageLifecycleManager - Initialising service: apdev-examplesFlow.stage1
2018-11-09 16:59:03,444 [main] INFO  org.mule.config.spring.SpringXmlConfigurationBuilder - Configured Mule using "org.mule.config.spring.SpringXmlConfigurationBuilder" with configuration resource(s): "[ConfigResource{resourceName='C:\Users\saigandh\Documents\AnypointStudio\workspace1\.mule\apps\apdev-examples\apdev-examples.xml'}]"
2018-11-09 16:59:03,444 [main] INFO  org.mule.config.builders.AutoConfigurationBuilder - Configured Mule using "org.mule.config.builders.AutoConfigurationBuilder" with configuration resource(s): "[ConfigResource{resourceName='C:\Users\saigandh\Documents\AnypointStudio\workspace1\.mule\apps\apdev-examples\apdev-examples.xml'}]"
2018-11-09 16:59:03,451 [main] INFO  com.mulesoft.module.policies.lifecyle.GateKeeper - GateKeeper Mode: DISABLED
2018-11-09 16:59:03,452 [main] INFO  org.mule.module.launcher.application.DefaultMuleApplication - 
++++++++++++++++++++++++++++++++++++++++++++++++++++++++++++
+ Starting app 'apdev-examples'                            +
++++++++++++++++++++++++++++++++++++++++++++++++++++++++++++
2018-11-09 16:59:03,454 [main] INFO  org.mule.util.queue.QueueXaResourceManager - Starting ResourceManager
2018-11-09 16:59:03,454 [main] INFO  org.mule.util.queue.QueueXaResourceManager - Started ResourceManager
2018-11-09 16:59:03,501 [main] INFO  org.mule.module.http.internal.listener.DefaultHttpListenerConfig - Listening for requests on http://0.0.0.0:8081
2018-11-09 16:59:03,516 [main] INFO  org.mule.modules.oauth2.provider.agents.DefaultSplashScreenAgent - 
++++++++++++++++++++++++++++++++++++++++++++++++++++++++++++++++++++++++++++++++
+ DevKit Extensions (0) used in this application 
                             +
++++++++++++++++++++++++++++++++++++++++++++++++++++++++++++++++++++++++++++++++
2018-11-09 16:59:03,516 [main] INFO  org.mule.lifecycle.AbstractLifecycleManager - Starting model: _muleSystemModel
2018-11-09 16:59:03,516 [main] INFO  org.mule.construct.FlowConstructLifecycleManager - Starting flow: apdev-examplesFlow
2018-11-09 16:59:03,516 [main] INFO  org.mule.processor.SedaStageLifecycleManager - Starting service: apdev-examplesFlow.stage1
2018-11-09 16:59:03,594 [main] INFO  org.mule.module.management.agent.WrapperManagerAgent - This JVM hasn't been launched by the wrapper, the agent will not run.
2018-11-09 16:59:03,643 [main] INFO  org.mule.DefaultMuleContext - 
**********************************************************************
* Application: apdev-examples                                        *
* OS encoding: \, Mule encoding: UTF-8                               *
*                                                                    *
* Agents Running:                                                    *
*   Batch module default engine                                      *
*   DevKit Extension Information                                     *
*   JMX Agent                                                        *
*   Wrapper Manager                                                  *
**********************************************************************
2018-11-09 17:29:51,105 [[apdev-examples].HTTP_Listener_Configuration.worker.01] INFO  org.mule.api.processor.LoggerMessageProcessor - 
org.mule.DefaultMuleMessage
{
  id=42f05420-e416-11e8-b644-506b8de1b444
  payload=java.lang.String
  correlationId=<not set>
  correlationGroup=-1
  correlationSeq=-1
  encoding=UTF-8
  exceptionPayload=<not set>

Message properties:
  INVOCATION scoped properties:
  INBOUND scoped properties:
    accept=*/*
    accept-encoding=gzip, deflate, br
    accept-language=en-US,en;q=0.9
    cache-control=no-cache
    connection=keep-alive
    host=localhost:8081
    http.listener.path=/hello
    http.method=GET
    http.query.params=ParameterMap{[]}
    http.query.string=
    http.relative.path=/hello
    http.remote.address=/127.0.0.1:60445
    http.request.path=/hello
    http.request.uri=/hello
    http.scheme=http
    http.uri.params=ParameterMap{[]}
    http.version=HTTP/1.1
    postman-token=d081a1c5-3070-0849-a335-8c171b25589e
    user-agent=Mozilla/5.0 (Windows NT 10.0; Win64; x64) AppleWebKit/537.36 (KHTML, like Gecko) Chrome/70.0.3538.67 Safari/537.36
  OUTBOUND scoped properties:
    Naina=Siri
  SESSION scoped properties:
}
2018-11-09 17:37:43,956 [[apdev-examples].HTTP_Listener_Configuration.worker.01] INFO  org.mule.api.processor.LoggerMessageProcessor - 
org.mule.DefaultMuleMessage
{
  id=260a7380-e417-11e8-b644-506b8de1b444
  payload=java.lang.String
  correlationId=<not set>
  correlationGroup=-1
  correlationSeq=-1
  encoding=UTF-8
  exceptionPayload=<not set>

Message properties:
  INVOCATION scoped properties:
  INBOUND scoped properties:
    accept=*/*
    accept-encoding=gzip, deflate, br
    accept-language=en-US,en;q=0.9
    cache-control=no-cache
    connection=keep-alive
    host=localhost:8081
    http.listener.path=/hello
    http.method=GET
    http.query.params=ParameterMap{[name=[sirshaa], type=[banda]]}
    http.query.string=name=sirshaa&type=banda
    http.relative.path=/hello
    http.remote.address=/127.0.0.1:60996
    http.request.path=/hello
    http.request.uri=/hello?name=sirshaa&type=banda
    http.scheme=http
    http.uri.params=ParameterMap{[]}
    http.version=HTTP/1.1
    postman-token=51a59e30-ecc1-a06b-1d6a-d82c46dac803
    user-agent=Mozilla/5.0 (Windows NT 10.0; Win64; x64) AppleWebKit/537.36 (KHTML, like Gecko) Chrome/70.0.3538.67 Safari/537.36
  OUTBOUND scoped properties:
    Naina=Siri
  SESSION scoped properties:
}
2018-11-09 17:57:21,934 [main] INFO  org.mule.module.launcher.application.DefaultMuleApplication - 
++++++++++++++++++++++++++++++++++++++++++++++++++++++++++++
+ Initializing app 'apdev-examples'                        +
++++++++++++++++++++++++++++++++++++++++++++++++++++++++++++
2018-11-09 17:57:22,212 [main] INFO  org.mule.lifecycle.AbstractLifecycleManager - Initialising RegistryBroker
2018-11-09 17:57:22,352 [main] INFO  org.mule.module.extension.internal.manager.DefaultExtensionManager - Starting discovery of extensions
2018-11-09 17:57:22,519 [main] INFO  org.mule.module.extension.internal.manager.DefaultExtensionManager - Discovered 1 extensions
2018-11-09 17:57:22,519 [main] INFO  org.mule.module.extension.internal.manager.DefaultExtensionManager - Registering extension validation (version 3.9)
2018-11-09 17:57:22,887 [main] INFO  org.mule.config.spring.MuleArtifactContext - Refreshing org.mule.config.spring.MuleArtifactContext@7555b920: startup date [Fri Nov 09 17:57:22 IST 2018]; root of context hierarchy
2018-11-09 17:57:24,472 [main] INFO  org.mule.config.spring.processors.NoDevkitInjectorProcessor - JSR-330 'javax.inject.Inject' annotation found and supported for autowiring
2018-11-09 17:57:25,627 [main] WARN  org.mule.module.ognl.expression.OgnlExpressionEvaluator - OGNL module is deprecated and will be removed in Mule 4.0. Use MEL expressions instead.
2018-11-09 17:57:25,990 [main] INFO  org.mule.util.journal.TransactionJournal - Using files for tx logs C:\Users\saigandh\Documents\AnypointStudio\workspace1\.mule\.\.mule\apdev-examples\queue-tx-log\tx1.log and C:\Users\saigandh\Documents\AnypointStudio\workspace1\.mule\.\.mule\apdev-examples\queue-tx-log\tx2.log
2018-11-09 17:57:26,005 [main] INFO  org.mule.util.journal.TransactionJournal - Using files for tx logs C:\Users\saigandh\Documents\AnypointStudio\workspace1\.mule\.\.mule\apdev-examples\queue-xa-tx-log\tx1.log and C:\Users\saigandh\Documents\AnypointStudio\workspace1\.mule\.\.mule\apdev-examples\queue-xa-tx-log\tx2.log
2018-11-09 17:57:26,100 [main] INFO  org.mule.lifecycle.AbstractLifecycleManager - Initialising model: _muleSystemModel
2018-11-09 17:57:26,100 [main] INFO  org.mule.construct.FlowConstructLifecycleManager - Initialising flow: apdev-examplesFlow
2018-11-09 17:57:26,100 [main] INFO  org.mule.exception.DefaultMessagingExceptionStrategy - Initialising exception listener: org.mule.exception.DefaultMessagingExceptionStrategy@58fbd02e
2018-11-09 17:57:26,150 [main] INFO  org.mule.processor.SedaStageLifecycleManager - Initialising service: apdev-examplesFlow.stage1
2018-11-09 17:57:26,554 [main] INFO  org.mule.config.spring.SpringXmlConfigurationBuilder - Configured Mule using "org.mule.config.spring.SpringXmlConfigurationBuilder" with configuration resource(s): "[ConfigResource{resourceName='C:\Users\saigandh\Documents\AnypointStudio\workspace1\.mule\apps\apdev-examples\apdev-examples.xml'}]"
2018-11-09 17:57:26,554 [main] INFO  org.mule.config.builders.AutoConfigurationBuilder - Configured Mule using "org.mule.config.builders.AutoConfigurationBuilder" with configuration resource(s): "[ConfigResource{resourceName='C:\Users\saigandh\Documents\AnypointStudio\workspace1\.mule\apps\apdev-examples\apdev-examples.xml'}]"
2018-11-09 17:57:26,554 [main] INFO  com.mulesoft.module.policies.lifecyle.GateKeeper - GateKeeper Mode: DISABLED
2018-11-09 17:57:26,554 [main] INFO  org.mule.module.launcher.application.DefaultMuleApplication - 
++++++++++++++++++++++++++++++++++++++++++++++++++++++++++++
+ Starting app 'apdev-examples'                            +
++++++++++++++++++++++++++++++++++++++++++++++++++++++++++++
2018-11-09 17:57:26,554 [main] INFO  org.mule.util.queue.QueueXaResourceManager - Starting ResourceManager
2018-11-09 17:57:26,554 [main] INFO  org.mule.util.queue.QueueXaResourceManager - Started ResourceManager
2018-11-09 17:57:26,618 [main] INFO  org.mule.module.http.internal.listener.DefaultHttpListenerConfig - Listening for requests on http://0.0.0.0:8081
2018-11-09 17:57:26,622 [main] INFO  org.mule.modules.oauth2.provider.agents.DefaultSplashScreenAgent - 
++++++++++++++++++++++++++++++++++++++++++++++++++++++++++++++++++++++++++++++++
+ DevKit Extensions (0) used in this application 
                             +
++++++++++++++++++++++++++++++++++++++++++++++++++++++++++++++++++++++++++++++++
2018-11-09 17:57:26,622 [main] INFO  org.mule.lifecycle.AbstractLifecycleManager - Starting model: _muleSystemModel
2018-11-09 17:57:26,622 [main] INFO  org.mule.construct.FlowConstructLifecycleManager - Starting flow: apdev-examplesFlow
2018-11-09 17:57:26,622 [main] INFO  org.mule.processor.SedaStageLifecycleManager - Starting service: apdev-examplesFlow.stage1
2018-11-09 17:57:26,669 [main] INFO  org.mule.module.management.agent.WrapperManagerAgent - This JVM hasn't been launched by the wrapper, the agent will not run.
2018-11-09 17:57:26,698 [main] INFO  org.mule.DefaultMuleContext - 
**********************************************************************
* Application: apdev-examples                                        *
* OS encoding: \, Mule encoding: UTF-8                               *
*                                                                    *
* Agents Running:                                                    *
*   Batch module default engine                                      *
*   DevKit Extension Information                                     *
*   JMX Agent                                                        *
*   Wrapper Manager                                                  *
**********************************************************************
2018-11-09 17:57:40,508 [[apdev-examples].HTTP_Listener_Configuration.worker.01] INFO  org.mule.api.processor.LoggerMessageProcessor - 
org.mule.DefaultMuleMessage
{
  id=d982c9f0-e41a-11e8-b1f2-506b8de1b444
  payload=java.lang.String
  correlationId=<not set>
  correlationGroup=-1
  correlationSeq=-1
  encoding=UTF-8
  exceptionPayload=<not set>

Message properties:
  INVOCATION scoped properties:
  INBOUND scoped properties:
    accept=*/*
    accept-encoding=gzip, deflate, br
    accept-language=en-US,en;q=0.9
    cache-control=no-cache
    connection=keep-alive
    host=localhost:8081
    http.listener.path=/hello
    http.method=GET
    http.query.params=ParameterMap{[name=[sirshaa], type=[banda]]}
    http.query.string=name=sirshaa&type=banda
    http.relative.path=/hello
    http.remote.address=/127.0.0.1:63299
    http.request.path=/hello
    http.request.uri=/hello?name=sirshaa&type=banda
    http.scheme=http
    http.uri.params=ParameterMap{[]}
    http.version=HTTP/1.1
    postman-token=eb777c93-652b-3920-29d0-c6088c6da07d
    user-agent=Mozilla/5.0 (Windows NT 10.0; Win64; x64) AppleWebKit/537.36 (KHTML, like Gecko) Chrome/70.0.3538.67 Safari/537.36
  OUTBOUND scoped properties:
    Naina=Siri
  SESSION scoped properties:
}
2018-11-09 17:57:47,603 [[apdev-examples].HTTP_Listener_Configuration.worker.01] INFO  org.mule.api.processor.LoggerMessageProcessor - 
org.mule.DefaultMuleMessage
{
  id=ddc8b100-e41a-11e8-b1f2-506b8de1b444
  payload=java.lang.String
  correlationId=<not set>
  correlationGroup=-1
  correlationSeq=-1
  encoding=UTF-8
  exceptionPayload=<not set>

Message properties:
  INVOCATION scoped properties:
  INBOUND scoped properties:
    accept=*/*
    accept-encoding=gzip, deflate, br
    accept-language=en-US,en;q=0.9
    cache-control=no-cache
    connection=keep-alive
    host=localhost:8081
    http.listener.path=/hello
    http.method=GET
    http.query.params=ParameterMap{[]}
    http.query.string=
    http.relative.path=/hello
    http.remote.address=/127.0.0.1:63299
    http.request.path=/hello
    http.request.uri=/hello
    http.scheme=http
    http.uri.params=ParameterMap{[]}
    http.version=HTTP/1.1
    postman-token=7407e8b8-a5ed-d9a2-22ad-2cb925a66fae
    user-agent=Mozilla/5.0 (Windows NT 10.0; Win64; x64) AppleWebKit/537.36 (KHTML, like Gecko) Chrome/70.0.3538.67 Safari/537.36
  OUTBOUND scoped properties:
    Naina=Siri
  SESSION scoped properties:
}
2018-11-09 17:58:46,860 [Mule.app.deployer.monitor.1.thread.1] INFO  org.mule.module.launcher.application.DefaultMuleApplication - 
++++++++++++++++++++++++++++++++++++++++++++++++++++++++++++
+ Stopping app 'apdev-examples'                            +
++++++++++++++++++++++++++++++++++++++++++++++++++++++++++++
2018-11-09 17:58:46,864 [Mule.app.deployer.monitor.1.thread.1] INFO  org.mule.construct.FlowConstructLifecycleManager - Stopping flow: apdev-examplesFlow
2018-11-09 17:58:46,866 [Mule.app.deployer.monitor.1.thread.1] INFO  org.mule.processor.SedaStageLifecycleManager - Stopping service: apdev-examplesFlow.stage1
2018-11-09 17:58:46,990 [Mule.app.deployer.monitor.1.thread.1] INFO  org.mule.lifecycle.AbstractLifecycleManager - Stopping model: _muleSystemModel
2018-11-09 17:58:46,990 [Mule.app.deployer.monitor.1.thread.1] INFO  org.mule.module.http.internal.listener.DefaultHttpListenerConfig - Stopped listener on http://0.0.0.0:8081
2018-11-09 17:58:46,990 [Mule.app.deployer.monitor.1.thread.1] INFO  org.mule.util.queue.QueueXaResourceManager - Stopping ResourceManager
2018-11-09 17:58:46,990 [Mule.app.deployer.monitor.1.thread.1] INFO  org.mule.util.queue.QueueXaResourceManager - Stopped ResourceManager
2018-11-09 17:58:47,005 [Mule.app.deployer.monitor.1.thread.1] INFO  org.mule.module.launcher.application.DefaultMuleApplication - 
++++++++++++++++++++++++++++++++++++++++++++++++++++++++++++
+ Disposing app 'apdev-examples'                           +
++++++++++++++++++++++++++++++++++++++++++++++++++++++++++++
2018-11-09 17:58:47,005 [Mule.app.deployer.monitor.1.thread.1] INFO  org.mule.lifecycle.AbstractLifecycleManager - Disposing RegistryBroker
2018-11-09 17:58:47,005 [Mule.app.deployer.monitor.1.thread.1] INFO  org.mule.construct.FlowConstructLifecycleManager - Disposing flow: apdev-examplesFlow
2018-11-09 17:58:47,005 [Mule.app.deployer.monitor.1.thread.1] INFO  org.mule.processor.SedaStageLifecycleManager - Disposing service: apdev-examplesFlow.stage1
2018-11-09 17:58:47,021 [Mule.app.deployer.monitor.1.thread.1] INFO  org.mule.lifecycle.AbstractLifecycleManager - Disposing model: _muleSystemModel
2018-11-09 17:58:47,260 [Mule.app.deployer.monitor.1.thread.1] INFO  org.mule.config.spring.MuleArtifactContext - Closing org.mule.config.spring.MuleArtifactContext@7555b920: startup date [Fri Nov 09 17:57:22 IST 2018]; root of context hierarchy
2018-11-09 17:58:47,273 [Mule.app.deployer.monitor.1.thread.1] INFO  org.mule.DefaultMuleContext - 
**********************************************************************
* Application "apdev-examples" shut down normally on: 9/11/18 5:58   *
* PM                                                                 *
* Up for: 0 days, 0 hours, 1 mins, 20.715 sec                        *
**********************************************************************
2018-11-09 17:58:47,467 [Mule.app.deployer.monitor.1.thread.1] INFO  org.mule.module.launcher.application.DefaultMuleApplication - 
++++++++++++++++++++++++++++++++++++++++++++++++++++++++++++
+ Initializing app 'apdev-examples'                        +
++++++++++++++++++++++++++++++++++++++++++++++++++++++++++++
2018-11-09 17:58:47,477 [Mule.app.deployer.monitor.1.thread.1] INFO  org.mule.lifecycle.AbstractLifecycleManager - Initialising RegistryBroker
2018-11-09 17:58:47,490 [Mule.app.deployer.monitor.1.thread.1] INFO  org.mule.module.extension.internal.manager.DefaultExtensionManager - Starting discovery of extensions
2018-11-09 17:58:47,506 [Mule.app.deployer.monitor.1.thread.1] INFO  org.mule.module.extension.internal.manager.DefaultExtensionManager - Discovered 1 extensions
2018-11-09 17:58:47,506 [Mule.app.deployer.monitor.1.thread.1] INFO  org.mule.module.extension.internal.manager.DefaultExtensionManager - Registering extension validation (version 3.9)
2018-11-09 17:58:47,506 [Mule.app.deployer.monitor.1.thread.1] INFO  org.mule.config.spring.MuleArtifactContext - Refreshing org.mule.config.spring.MuleArtifactContext@4f69a603: startup date [Fri Nov 09 17:58:47 IST 2018]; root of context hierarchy
2018-11-09 17:58:47,900 [Mule.app.deployer.monitor.1.thread.1] INFO  org.mule.config.spring.processors.NoDevkitInjectorProcessor - JSR-330 'javax.inject.Inject' annotation found and supported for autowiring
2018-11-09 17:58:48,056 [Mule.app.deployer.monitor.1.thread.1] INFO  org.mule.util.journal.TransactionJournal - Using files for tx logs C:\Users\saigandh\Documents\AnypointStudio\workspace1\.mule\.\.mule\apdev-examples\queue-tx-log\tx1.log and C:\Users\saigandh\Documents\AnypointStudio\workspace1\.mule\.\.mule\apdev-examples\queue-tx-log\tx2.log
2018-11-09 17:58:48,056 [Mule.app.deployer.monitor.1.thread.1] INFO  org.mule.util.journal.TransactionJournal - Using files for tx logs C:\Users\saigandh\Documents\AnypointStudio\workspace1\.mule\.\.mule\apdev-examples\queue-xa-tx-log\tx1.log and C:\Users\saigandh\Documents\AnypointStudio\workspace1\.mule\.\.mule\apdev-examples\queue-xa-tx-log\tx2.log
2018-11-09 17:58:48,071 [Mule.app.deployer.monitor.1.thread.1] INFO  org.mule.lifecycle.AbstractLifecycleManager - Initialising model: _muleSystemModel
2018-11-09 17:58:48,071 [Mule.app.deployer.monitor.1.thread.1] INFO  org.mule.construct.FlowConstructLifecycleManager - Initialising flow: apdev-examplesFlow
2018-11-09 17:58:48,071 [Mule.app.deployer.monitor.1.thread.1] INFO  org.mule.exception.DefaultMessagingExceptionStrategy - Initialising exception listener: org.mule.exception.DefaultMessagingExceptionStrategy@1d395fe7
2018-11-09 17:58:48,087 [Mule.app.deployer.monitor.1.thread.1] INFO  org.mule.processor.SedaStageLifecycleManager - Initialising service: apdev-examplesFlow.stage1
2018-11-09 17:58:48,134 [Mule.app.deployer.monitor.1.thread.1] INFO  org.mule.config.spring.SpringXmlConfigurationBuilder - Configured Mule using "org.mule.config.spring.SpringXmlConfigurationBuilder" with configuration resource(s): "[ConfigResource{resourceName='C:\Users\saigandh\Documents\AnypointStudio\workspace1\.mule\apps\apdev-examples\apdev-examples.xml'}]"
2018-11-09 17:58:48,134 [Mule.app.deployer.monitor.1.thread.1] INFO  org.mule.config.builders.AutoConfigurationBuilder - Configured Mule using "org.mule.config.builders.AutoConfigurationBuilder" with configuration resource(s): "[ConfigResource{resourceName='C:\Users\saigandh\Documents\AnypointStudio\workspace1\.mule\apps\apdev-examples\apdev-examples.xml'}]"
2018-11-09 17:58:48,134 [Mule.app.deployer.monitor.1.thread.1] INFO  org.mule.module.launcher.application.DefaultMuleApplication - 
++++++++++++++++++++++++++++++++++++++++++++++++++++++++++++
+ Starting app 'apdev-examples'                            +
++++++++++++++++++++++++++++++++++++++++++++++++++++++++++++
2018-11-09 17:58:48,134 [Mule.app.deployer.monitor.1.thread.1] INFO  org.mule.util.queue.QueueXaResourceManager - Starting ResourceManager
2018-11-09 17:58:48,134 [Mule.app.deployer.monitor.1.thread.1] INFO  org.mule.util.queue.QueueXaResourceManager - Started ResourceManager
2018-11-09 17:58:48,149 [Mule.app.deployer.monitor.1.thread.1] INFO  org.mule.module.http.internal.listener.DefaultHttpListenerConfig - Listening for requests on http://0.0.0.0:8081
2018-11-09 17:58:48,149 [Mule.app.deployer.monitor.1.thread.1] INFO  org.mule.modules.oauth2.provider.agents.DefaultSplashScreenAgent - 
++++++++++++++++++++++++++++++++++++++++++++++++++++++++++++++++++++++++++++++++
+ DevKit Extensions (0) used in this application 
                             +
++++++++++++++++++++++++++++++++++++++++++++++++++++++++++++++++++++++++++++++++
2018-11-09 17:58:48,149 [Mule.app.deployer.monitor.1.thread.1] INFO  org.mule.lifecycle.AbstractLifecycleManager - Starting model: _muleSystemModel
2018-11-09 17:58:48,165 [Mule.app.deployer.monitor.1.thread.1] INFO  org.mule.construct.FlowConstructLifecycleManager - Starting flow: apdev-examplesFlow
2018-11-09 17:58:48,165 [Mule.app.deployer.monitor.1.thread.1] INFO  org.mule.processor.SedaStageLifecycleManager - Starting service: apdev-examplesFlow.stage1
2018-11-09 17:58:48,165 [Mule.app.deployer.monitor.1.thread.1] INFO  org.mule.module.management.agent.WrapperManagerAgent - This JVM hasn't been launched by the wrapper, the agent will not run.
2018-11-09 17:58:48,180 [Mule.app.deployer.monitor.1.thread.1] INFO  org.mule.DefaultMuleContext - 
**********************************************************************
* Application: apdev-examples                                        *
* OS encoding: \, Mule encoding: UTF-8                               *
*                                                                    *
* Agents Running:                                                    *
*   Batch module default engine                                      *
*   DevKit Extension Information                                     *
*   JMX Agent                                                        *
*   Wrapper Manager                                                  *
**********************************************************************
2018-11-09 17:58:57,134 [main] INFO  org.mule.module.launcher.application.DefaultMuleApplication - 
++++++++++++++++++++++++++++++++++++++++++++++++++++++++++++
+ Initializing app 'apdev-examples'                        +
++++++++++++++++++++++++++++++++++++++++++++++++++++++++++++
2018-11-09 17:58:57,406 [main] INFO  org.mule.lifecycle.AbstractLifecycleManager - Initialising RegistryBroker
2018-11-09 17:58:57,556 [main] INFO  org.mule.module.extension.internal.manager.DefaultExtensionManager - Starting discovery of extensions
2018-11-09 17:58:57,701 [main] INFO  org.mule.module.extension.internal.manager.DefaultExtensionManager - Discovered 1 extensions
2018-11-09 17:58:57,701 [main] INFO  org.mule.module.extension.internal.manager.DefaultExtensionManager - Registering extension validation (version 3.9)
2018-11-09 17:58:58,005 [main] INFO  org.mule.config.spring.MuleArtifactContext - Refreshing org.mule.config.spring.MuleArtifactContext@7555b920: startup date [Fri Nov 09 17:58:58 IST 2018]; root of context hierarchy
2018-11-09 17:58:59,587 [main] INFO  org.mule.config.spring.processors.NoDevkitInjectorProcessor - JSR-330 'javax.inject.Inject' annotation found and supported for autowiring
2018-11-09 17:59:00,729 [main] WARN  org.mule.module.ognl.expression.OgnlExpressionEvaluator - OGNL module is deprecated and will be removed in Mule 4.0. Use MEL expressions instead.
2018-11-09 17:59:01,088 [main] INFO  org.mule.util.journal.TransactionJournal - Using files for tx logs C:\Users\saigandh\Documents\AnypointStudio\workspace1\.mule\.\.mule\apdev-examples\queue-tx-log\tx1.log and C:\Users\saigandh\Documents\AnypointStudio\workspace1\.mule\.\.mule\apdev-examples\queue-tx-log\tx2.log
2018-11-09 17:59:01,119 [main] INFO  org.mule.util.journal.TransactionJournal - Using files for tx logs C:\Users\saigandh\Documents\AnypointStudio\workspace1\.mule\.\.mule\apdev-examples\queue-xa-tx-log\tx1.log and C:\Users\saigandh\Documents\AnypointStudio\workspace1\.mule\.\.mule\apdev-examples\queue-xa-tx-log\tx2.log
2018-11-09 17:59:01,221 [main] INFO  org.mule.lifecycle.AbstractLifecycleManager - Initialising model: _muleSystemModel
2018-11-09 17:59:01,226 [main] INFO  org.mule.construct.FlowConstructLifecycleManager - Initialising flow: apdev-examplesFlow
2018-11-09 17:59:01,226 [main] INFO  org.mule.exception.DefaultMessagingExceptionStrategy - Initialising exception listener: org.mule.exception.DefaultMessagingExceptionStrategy@67022ea
2018-11-09 17:59:01,259 [main] INFO  org.mule.processor.SedaStageLifecycleManager - Initialising service: apdev-examplesFlow.stage1
2018-11-09 17:59:01,783 [main] INFO  org.mule.config.spring.SpringXmlConfigurationBuilder - Configured Mule using "org.mule.config.spring.SpringXmlConfigurationBuilder" with configuration resource(s): "[ConfigResource{resourceName='C:\Users\saigandh\Documents\AnypointStudio\workspace1\.mule\apps\apdev-examples\apdev-examples.xml'}]"
2018-11-09 17:59:01,784 [main] INFO  org.mule.config.builders.AutoConfigurationBuilder - Configured Mule using "org.mule.config.builders.AutoConfigurationBuilder" with configuration resource(s): "[ConfigResource{resourceName='C:\Users\saigandh\Documents\AnypointStudio\workspace1\.mule\apps\apdev-examples\apdev-examples.xml'}]"
2018-11-09 17:59:01,789 [main] INFO  com.mulesoft.module.policies.lifecyle.GateKeeper - GateKeeper Mode: DISABLED
2018-11-09 17:59:01,790 [main] INFO  org.mule.module.launcher.application.DefaultMuleApplication - 
++++++++++++++++++++++++++++++++++++++++++++++++++++++++++++
+ Starting app 'apdev-examples'                            +
++++++++++++++++++++++++++++++++++++++++++++++++++++++++++++
2018-11-09 17:59:01,792 [main] INFO  org.mule.util.queue.QueueXaResourceManager - Starting ResourceManager
2018-11-09 17:59:01,792 [main] INFO  org.mule.util.queue.QueueXaResourceManager - Started ResourceManager
2018-11-09 17:59:01,839 [main] INFO  org.mule.module.http.internal.listener.DefaultHttpListenerConfig - Listening for requests on http://0.0.0.0:8081
2018-11-09 17:59:01,859 [main] INFO  org.mule.modules.oauth2.provider.agents.DefaultSplashScreenAgent - 
++++++++++++++++++++++++++++++++++++++++++++++++++++++++++++++++++++++++++++++++
+ DevKit Extensions (0) used in this application 
                             +
++++++++++++++++++++++++++++++++++++++++++++++++++++++++++++++++++++++++++++++++
2018-11-09 17:59:01,861 [main] INFO  org.mule.lifecycle.AbstractLifecycleManager - Starting model: _muleSystemModel
2018-11-09 17:59:01,862 [main] INFO  org.mule.construct.FlowConstructLifecycleManager - Starting flow: apdev-examplesFlow
2018-11-09 17:59:01,863 [main] INFO  org.mule.processor.SedaStageLifecycleManager - Starting service: apdev-examplesFlow.stage1
2018-11-09 17:59:01,907 [main] INFO  org.mule.module.management.agent.WrapperManagerAgent - This JVM hasn't been launched by the wrapper, the agent will not run.
2018-11-09 17:59:01,944 [main] INFO  org.mule.DefaultMuleContext - 
**********************************************************************
* Application: apdev-examples                                        *
* OS encoding: \, Mule encoding: UTF-8                               *
*                                                                    *
* Agents Running:                                                    *
*   Batch module default engine                                      *
*   DevKit Extension Information                                     *
*   JMX Agent                                                        *
*   Wrapper Manager                                                  *
**********************************************************************
2018-11-09 17:59:09,772 [[apdev-examples].HTTP_Listener_Configuration.worker.01] INFO  org.mule.api.processor.LoggerMessageProcessor - 
org.mule.DefaultMuleMessage
{
  id=0eb87660-e41b-11e8-8f1b-506b8de1b444
  payload=java.lang.String
  correlationId=<not set>
  correlationGroup=-1
  correlationSeq=-1
  encoding=UTF-8
  exceptionPayload=<not set>

Message properties:
  INVOCATION scoped properties:
  INBOUND scoped properties:
    accept=*/*
    accept-encoding=gzip, deflate, br
    accept-language=en-US,en;q=0.9
    cache-control=no-cache
    connection=keep-alive
    host=localhost:8081
    http.listener.path=/hello
    http.method=GET
    http.query.params=ParameterMap{[]}
    http.query.string=
    http.relative.path=/hello
    http.remote.address=/127.0.0.1:63458
    http.request.path=/hello
    http.request.uri=/hello
    http.scheme=http
    http.uri.params=ParameterMap{[]}
    http.version=HTTP/1.1
    postman-token=62b3c450-21ae-d251-d948-a0c1d800491f
    user-agent=Mozilla/5.0 (Windows NT 10.0; Win64; x64) AppleWebKit/537.36 (KHTML, like Gecko) Chrome/70.0.3538.67 Safari/537.36
  OUTBOUND scoped properties:
    Naina=Siri
  SESSION scoped properties:
}
2018-11-09 18:01:08,373 [main] INFO  org.mule.module.launcher.application.DefaultMuleApplication - 
++++++++++++++++++++++++++++++++++++++++++++++++++++++++++++
+ Initializing app 'apdev-examples'                        +
++++++++++++++++++++++++++++++++++++++++++++++++++++++++++++
2018-11-09 18:01:08,628 [main] INFO  org.mule.lifecycle.AbstractLifecycleManager - Initialising RegistryBroker
2018-11-09 18:01:08,761 [main] INFO  org.mule.module.extension.internal.manager.DefaultExtensionManager - Starting discovery of extensions
2018-11-09 18:01:08,894 [main] INFO  org.mule.module.extension.internal.manager.DefaultExtensionManager - Discovered 1 extensions
2018-11-09 18:01:08,895 [main] INFO  org.mule.module.extension.internal.manager.DefaultExtensionManager - Registering extension validation (version 3.9)
2018-11-09 18:01:09,168 [main] INFO  org.mule.config.spring.MuleArtifactContext - Refreshing org.mule.config.spring.MuleArtifactContext@7555b920: startup date [Fri Nov 09 18:01:09 IST 2018]; root of context hierarchy
2018-11-09 18:01:10,684 [main] INFO  org.mule.config.spring.processors.NoDevkitInjectorProcessor - JSR-330 'javax.inject.Inject' annotation found and supported for autowiring
2018-11-09 18:01:11,987 [main] WARN  org.mule.module.ognl.expression.OgnlExpressionEvaluator - OGNL module is deprecated and will be removed in Mule 4.0. Use MEL expressions instead.
2018-11-09 18:01:12,294 [main] INFO  org.mule.util.journal.TransactionJournal - Using files for tx logs C:\Users\saigandh\Documents\AnypointStudio\workspace1\.mule\.\.mule\apdev-examples\queue-tx-log\tx1.log and C:\Users\saigandh\Documents\AnypointStudio\workspace1\.mule\.\.mule\apdev-examples\queue-tx-log\tx2.log
2018-11-09 18:01:12,316 [main] INFO  org.mule.util.journal.TransactionJournal - Using files for tx logs C:\Users\saigandh\Documents\AnypointStudio\workspace1\.mule\.\.mule\apdev-examples\queue-xa-tx-log\tx1.log and C:\Users\saigandh\Documents\AnypointStudio\workspace1\.mule\.\.mule\apdev-examples\queue-xa-tx-log\tx2.log
2018-11-09 18:01:12,437 [main] INFO  org.mule.lifecycle.AbstractLifecycleManager - Initialising model: _muleSystemModel
2018-11-09 18:01:12,440 [main] INFO  org.mule.construct.FlowConstructLifecycleManager - Initialising flow: apdev-examplesFlow
2018-11-09 18:01:12,441 [main] INFO  org.mule.exception.DefaultMessagingExceptionStrategy - Initialising exception listener: org.mule.exception.DefaultMessagingExceptionStrategy@67022ea
2018-11-09 18:01:12,478 [main] INFO  org.mule.processor.SedaStageLifecycleManager - Initialising service: apdev-examplesFlow.stage1
2018-11-09 18:01:12,971 [main] INFO  org.mule.config.spring.SpringXmlConfigurationBuilder - Configured Mule using "org.mule.config.spring.SpringXmlConfigurationBuilder" with configuration resource(s): "[ConfigResource{resourceName='C:\Users\saigandh\Documents\AnypointStudio\workspace1\.mule\apps\apdev-examples\apdev-examples.xml'}]"
2018-11-09 18:01:12,973 [main] INFO  org.mule.config.builders.AutoConfigurationBuilder - Configured Mule using "org.mule.config.builders.AutoConfigurationBuilder" with configuration resource(s): "[ConfigResource{resourceName='C:\Users\saigandh\Documents\AnypointStudio\workspace1\.mule\apps\apdev-examples\apdev-examples.xml'}]"
2018-11-09 18:01:12,979 [main] INFO  com.mulesoft.module.policies.lifecyle.GateKeeper - GateKeeper Mode: DISABLED
2018-11-09 18:01:12,979 [main] INFO  org.mule.module.launcher.application.DefaultMuleApplication - 
++++++++++++++++++++++++++++++++++++++++++++++++++++++++++++
+ Starting app 'apdev-examples'                            +
++++++++++++++++++++++++++++++++++++++++++++++++++++++++++++
2018-11-09 18:01:12,982 [main] INFO  org.mule.util.queue.QueueXaResourceManager - Starting ResourceManager
2018-11-09 18:01:12,982 [main] INFO  org.mule.util.queue.QueueXaResourceManager - Started ResourceManager
2018-11-09 18:01:13,048 [main] INFO  org.mule.module.http.internal.listener.DefaultHttpListenerConfig - Listening for requests on http://0.0.0.0:8081
2018-11-09 18:01:13,053 [main] INFO  org.mule.modules.oauth2.provider.agents.DefaultSplashScreenAgent - 
++++++++++++++++++++++++++++++++++++++++++++++++++++++++++++++++++++++++++++++++
+ DevKit Extensions (0) used in this application 
                             +
++++++++++++++++++++++++++++++++++++++++++++++++++++++++++++++++++++++++++++++++
2018-11-09 18:01:13,055 [main] INFO  org.mule.lifecycle.AbstractLifecycleManager - Starting model: _muleSystemModel
2018-11-09 18:01:13,057 [main] INFO  org.mule.construct.FlowConstructLifecycleManager - Starting flow: apdev-examplesFlow
2018-11-09 18:01:13,058 [main] INFO  org.mule.processor.SedaStageLifecycleManager - Starting service: apdev-examplesFlow.stage1
2018-11-09 18:01:13,091 [main] INFO  org.mule.module.management.agent.WrapperManagerAgent - This JVM hasn't been launched by the wrapper, the agent will not run.
2018-11-09 18:01:13,128 [main] INFO  org.mule.DefaultMuleContext - 
**********************************************************************
* Application: apdev-examples                                        *
* OS encoding: \, Mule encoding: UTF-8                               *
*                                                                    *
* Agents Running:                                                    *
*   Batch module default engine                                      *
*   DevKit Extension Information                                     *
*   JMX Agent                                                        *
*   Wrapper Manager                                                  *
**********************************************************************
2018-11-09 18:01:18,537 [[apdev-examples].HTTP_Listener_Configuration.worker.01] INFO  org.mule.api.processor.LoggerMessageProcessor - ParameterMap{[]}
2018-11-09 18:02:56,746 [[apdev-examples].HTTP_Listener_Configuration.worker.01] INFO  org.mule.api.processor.LoggerMessageProcessor - ParameterMap{[]}
2018-11-09 18:03:00,267 [[apdev-examples].HTTP_Listener_Configuration.worker.01] INFO  org.mule.api.processor.LoggerMessageProcessor - ParameterMap{[]}
2018-11-09 18:04:43,087 [main] INFO  org.mule.module.launcher.application.DefaultMuleApplication - 
++++++++++++++++++++++++++++++++++++++++++++++++++++++++++++
+ Initializing app 'apdev-examples'                        +
++++++++++++++++++++++++++++++++++++++++++++++++++++++++++++
2018-11-09 18:04:43,406 [main] INFO  org.mule.lifecycle.AbstractLifecycleManager - Initialising RegistryBroker
2018-11-09 18:04:43,548 [main] INFO  org.mule.module.extension.internal.manager.DefaultExtensionManager - Starting discovery of extensions
2018-11-09 18:04:43,714 [main] INFO  org.mule.module.extension.internal.manager.DefaultExtensionManager - Discovered 1 extensions
2018-11-09 18:04:43,715 [main] INFO  org.mule.module.extension.internal.manager.DefaultExtensionManager - Registering extension validation (version 3.9)
2018-11-09 18:04:44,011 [main] INFO  org.mule.config.spring.MuleArtifactContext - Refreshing org.mule.config.spring.MuleArtifactContext@7555b920: startup date [Fri Nov 09 18:04:44 IST 2018]; root of context hierarchy
2018-11-09 18:04:45,417 [main] INFO  org.mule.config.spring.processors.NoDevkitInjectorProcessor - JSR-330 'javax.inject.Inject' annotation found and supported for autowiring
2018-11-09 18:04:46,428 [main] WARN  org.mule.module.ognl.expression.OgnlExpressionEvaluator - OGNL module is deprecated and will be removed in Mule 4.0. Use MEL expressions instead.
2018-11-09 18:04:46,720 [main] INFO  org.mule.util.journal.TransactionJournal - Using files for tx logs C:\Users\saigandh\Documents\AnypointStudio\workspace1\.mule\.\.mule\apdev-examples\queue-tx-log\tx1.log and C:\Users\saigandh\Documents\AnypointStudio\workspace1\.mule\.\.mule\apdev-examples\queue-tx-log\tx2.log
2018-11-09 18:04:46,742 [main] INFO  org.mule.util.journal.TransactionJournal - Using files for tx logs C:\Users\saigandh\Documents\AnypointStudio\workspace1\.mule\.\.mule\apdev-examples\queue-xa-tx-log\tx1.log and C:\Users\saigandh\Documents\AnypointStudio\workspace1\.mule\.\.mule\apdev-examples\queue-xa-tx-log\tx2.log
2018-11-09 18:04:46,866 [main] INFO  org.mule.lifecycle.AbstractLifecycleManager - Initialising model: _muleSystemModel
2018-11-09 18:04:46,872 [main] INFO  org.mule.construct.FlowConstructLifecycleManager - Initialising flow: apdev-examplesFlow
2018-11-09 18:04:46,872 [main] INFO  org.mule.exception.DefaultMessagingExceptionStrategy - Initialising exception listener: org.mule.exception.DefaultMessagingExceptionStrategy@58fbd02e
2018-11-09 18:04:46,911 [main] INFO  org.mule.processor.SedaStageLifecycleManager - Initialising service: apdev-examplesFlow.stage1
2018-11-09 18:04:47,438 [main] INFO  org.mule.config.spring.SpringXmlConfigurationBuilder - Configured Mule using "org.mule.config.spring.SpringXmlConfigurationBuilder" with configuration resource(s): "[ConfigResource{resourceName='C:\Users\saigandh\Documents\AnypointStudio\workspace1\.mule\apps\apdev-examples\apdev-examples.xml'}]"
2018-11-09 18:04:47,438 [main] INFO  org.mule.config.builders.AutoConfigurationBuilder - Configured Mule using "org.mule.config.builders.AutoConfigurationBuilder" with configuration resource(s): "[ConfigResource{resourceName='C:\Users\saigandh\Documents\AnypointStudio\workspace1\.mule\apps\apdev-examples\apdev-examples.xml'}]"
2018-11-09 18:04:47,445 [main] INFO  com.mulesoft.module.policies.lifecyle.GateKeeper - GateKeeper Mode: DISABLED
2018-11-09 18:04:47,445 [main] INFO  org.mule.module.launcher.application.DefaultMuleApplication - 
++++++++++++++++++++++++++++++++++++++++++++++++++++++++++++
+ Starting app 'apdev-examples'                            +
++++++++++++++++++++++++++++++++++++++++++++++++++++++++++++
2018-11-09 18:04:47,448 [main] INFO  org.mule.util.queue.QueueXaResourceManager - Starting ResourceManager
2018-11-09 18:04:47,448 [main] INFO  org.mule.util.queue.QueueXaResourceManager - Started ResourceManager
2018-11-09 18:04:47,498 [main] INFO  org.mule.module.http.internal.listener.DefaultHttpListenerConfig - Listening for requests on http://0.0.0.0:8081
2018-11-09 18:04:47,502 [main] INFO  org.mule.modules.oauth2.provider.agents.DefaultSplashScreenAgent - 
++++++++++++++++++++++++++++++++++++++++++++++++++++++++++++++++++++++++++++++++
+ DevKit Extensions (0) used in this application 
                             +
++++++++++++++++++++++++++++++++++++++++++++++++++++++++++++++++++++++++++++++++
2018-11-09 18:04:47,503 [main] INFO  org.mule.lifecycle.AbstractLifecycleManager - Starting model: _muleSystemModel
2018-11-09 18:04:47,504 [main] INFO  org.mule.construct.FlowConstructLifecycleManager - Starting flow: apdev-examplesFlow
2018-11-09 18:04:47,505 [main] INFO  org.mule.processor.SedaStageLifecycleManager - Starting service: apdev-examplesFlow.stage1
2018-11-09 18:04:47,554 [main] INFO  org.mule.module.management.agent.WrapperManagerAgent - This JVM hasn't been launched by the wrapper, the agent will not run.
2018-11-09 18:04:47,584 [main] INFO  org.mule.DefaultMuleContext - 
**********************************************************************
* Application: apdev-examples                                        *
* OS encoding: \, Mule encoding: UTF-8                               *
*                                                                    *
* Agents Running:                                                    *
*   Batch module default engine                                      *
*   DevKit Extension Information                                     *
*   JMX Agent                                                        *
*   Wrapper Manager                                                  *
**********************************************************************
2018-11-09 18:04:55,713 [[apdev-examples].HTTP_Listener_Configuration.worker.01] INFO  org.mule.api.processor.LoggerMessageProcessor - ParameterMap{[]}
